c:\users\esly\source\repos\lab5_eslyajsivinac_1308723\x64\debug\lab5_eslyajsivinac_1308723.pch
c:\users\esly\source\repos\lab5_eslyajsivinac_1308723\x64\debug\vc143.pdb
c:\users\esly\source\repos\lab5_eslyajsivinac_1308723\x64\debug\pch.obj
c:\users\esly\source\repos\lab5_eslyajsivinac_1308723\x64\debug\pokemon.obj
c:\users\esly\source\repos\lab5_eslyajsivinac_1308723\x64\debug\ordenamiento.obj
c:\users\esly\source\repos\lab5_eslyajsivinac_1308723\x64\debug\assemblyinfo.obj
c:\users\esly\source\repos\lab5_eslyajsivinac_1308723\x64\debug\lab5_eslyajsivinac_1308723.obj
c:\users\esly\source\repos\lab5_eslyajsivinac_1308723\x64\debug\.netframework,version=v4.7.2.assemblyattributes.obj
c:\users\esly\source\repos\lab5_eslyajsivinac_1308723\x64\debug\lab5_eslyajsivinac_1308723.exe
c:\users\esly\source\repos\lab5_eslyajsivinac_1308723\x64\debug\lab5_eslyajsivinac_1308723.pdb
c:\users\esly\source\repos\lab5_eslyajsivinac_1308723\x64\debug\app.res
c:\users\esly\source\repos\lab5_eslyajsivinac_1308723\x64\debug\lab5_eslyajsivinac_1308723.exe.metagen
c:\users\esly\source\repos\lab5_eslyajsivinac_1308723\x64\debug\lab5_esl.cfdee2f2.tlog\cl.command.1.tlog
c:\users\esly\source\repos\lab5_eslyajsivinac_1308723\x64\debug\lab5_esl.cfdee2f2.tlog\cl.items.tlog
c:\users\esly\source\repos\lab5_eslyajsivinac_1308723\x64\debug\lab5_esl.cfdee2f2.tlog\cl.read.1.tlog
c:\users\esly\source\repos\lab5_eslyajsivinac_1308723\x64\debug\lab5_esl.cfdee2f2.tlog\cl.write.1.tlog
c:\users\esly\source\repos\lab5_eslyajsivinac_1308723\x64\debug\lab5_esl.cfdee2f2.tlog\link.command.1.tlog
c:\users\esly\source\repos\lab5_eslyajsivinac_1308723\x64\debug\lab5_esl.cfdee2f2.tlog\link.read.1.tlog
c:\users\esly\source\repos\lab5_eslyajsivinac_1308723\x64\debug\lab5_esl.cfdee2f2.tlog\link.write.1.tlog
c:\users\esly\source\repos\lab5_eslyajsivinac_1308723\x64\debug\lab5_esl.cfdee2f2.tlog\metagen.read.1.tlog
c:\users\esly\source\repos\lab5_eslyajsivinac_1308723\x64\debug\lab5_esl.cfdee2f2.tlog\metagen.write.1.tlog
c:\users\esly\source\repos\lab5_eslyajsivinac_1308723\x64\debug\lab5_esl.cfdee2f2.tlog\rc.command.1.tlog
c:\users\esly\source\repos\lab5_eslyajsivinac_1308723\x64\debug\lab5_esl.cfdee2f2.tlog\rc.read.1.tlog
c:\users\esly\source\repos\lab5_eslyajsivinac_1308723\x64\debug\lab5_esl.cfdee2f2.tlog\rc.write.1.tlog
